find_header: checking for prism.h in /home/sark/Source/Ruby/pagan-platform/vendor/bundle/ruby/3.3.0/gems/prism-1.4.0/include... -------------------- yes

 "x86_64-pc-linux-gnu-gcc -o conftest -I/usr/include/ruby-3.3.0/x86_64-linux -I/usr/include/ruby-3.3.0/ruby/backward -I/usr/include/ruby-3.3.0 -I.    -march=native -O2 -pipe -fno-omit-frame-pointer -fno-strict-aliasing -std=gnu17 -fPIC conftest.c  -L. -L/usr/lib64 -L. -Wl,-O1 -Wl,--as-needed -Wl,-z,pack-relative-relocs -fstack-protector-strong -rdynamic -Wl,-export-dynamic -Wl,--no-as-needed     -lruby33  -lm -lpthread  -lc"
checked program was:
/* begin */
1: #include "ruby.h"
2: 
3: int main(int argc, char **argv)
4: {
5:   return !!argv[argc];
6: }
/* end */

 "x86_64-pc-linux-gnu-gcc -I/usr/include/ruby-3.3.0/x86_64-linux -I/usr/include/ruby-3.3.0/ruby/backward -I/usr/include/ruby-3.3.0 -I.    -march=native -O2 -pipe -fno-omit-frame-pointer -fno-strict-aliasing -std=gnu17 -fPIC   -c conftest.c"
conftest.c:3:10: fatal error: prism.h: No such file or directory
    3 | #include <prism.h>
      |          ^~~~~~~~~
compilation terminated.
checked program was:
/* begin */
1: #include "ruby.h"
2: 
3: #include <prism.h>
/* end */

 "x86_64-pc-linux-gnu-gcc -I/usr/include/ruby-3.3.0/x86_64-linux -I/usr/include/ruby-3.3.0/ruby/backward -I/usr/include/ruby-3.3.0 -I.    -march=native -O2 -pipe -fno-omit-frame-pointer -fno-strict-aliasing -std=gnu17 -fPIC  -I/home/sark/Source/Ruby/pagan-platform/vendor/bundle/ruby/3.3.0/gems/prism-1.4.0/include -c conftest.c"
checked program was:
/* begin */
1: #include "ruby.h"
2: 
3: #include <prism.h>
/* end */

--------------------

find_header: checking for prism/extension.h in /home/sark/Source/Ruby/pagan-platform/vendor/bundle/ruby/3.3.0/gems/prism-1.4.0/ext... -------------------- yes

 "x86_64-pc-linux-gnu-gcc -I/usr/include/ruby-3.3.0/x86_64-linux -I/usr/include/ruby-3.3.0/ruby/backward -I/usr/include/ruby-3.3.0 -I. -I/home/sark/Source/Ruby/pagan-platform/vendor/bundle/ruby/3.3.0/gems/prism-1.4.0/include    -march=native -O2 -pipe -fno-omit-frame-pointer -fno-strict-aliasing -std=gnu17 -fPIC   -c conftest.c"
conftest.c:3:10: fatal error: prism/extension.h: No such file or directory
    3 | #include <prism/extension.h>
      |          ^~~~~~~~~~~~~~~~~~~
compilation terminated.
checked program was:
/* begin */
1: #include "ruby.h"
2: 
3: #include <prism/extension.h>
/* end */

 "x86_64-pc-linux-gnu-gcc -I/usr/include/ruby-3.3.0/x86_64-linux -I/usr/include/ruby-3.3.0/ruby/backward -I/usr/include/ruby-3.3.0 -I. -I/home/sark/Source/Ruby/pagan-platform/vendor/bundle/ruby/3.3.0/gems/prism-1.4.0/include    -march=native -O2 -pipe -fno-omit-frame-pointer -fno-strict-aliasing -std=gnu17 -fPIC  -I/home/sark/Source/Ruby/pagan-platform/vendor/bundle/ruby/3.3.0/gems/prism-1.4.0/ext -c conftest.c"
checked program was:
/* begin */
1: #include "ruby.h"
2: 
3: #include <prism/extension.h>
/* end */

--------------------

append_cflags: checking for whether -fvisibility=hidden is accepted as CFLAGS... -------------------- yes

 "x86_64-pc-linux-gnu-gcc -I/usr/include/ruby-3.3.0/x86_64-linux -I/usr/include/ruby-3.3.0/ruby/backward -I/usr/include/ruby-3.3.0 -I. -I/home/sark/Source/Ruby/pagan-platform/vendor/bundle/ruby/3.3.0/gems/prism-1.4.0/include -I/home/sark/Source/Ruby/pagan-platform/vendor/bundle/ruby/3.3.0/gems/prism-1.4.0/ext    -march=native -O2 -pipe -fno-omit-frame-pointer -fno-strict-aliasing -std=gnu17 -fPIC  -fvisibility=hidden -Werror -c conftest.c"
checked program was:
/* begin */
1: #include "ruby.h"
2: 
3: int main(int argc, char **argv)
4: {
5:   return !!argv[argc];
6: }
/* end */

--------------------

